2024-11-27 11:40:34.597 [info] Log level: Info
2024-11-27 11:40:34.597 [info] Validating found git in: "git"
2024-11-27 11:40:34.597 [info] Using git "2.25.1" from "git"
2024-11-27 11:40:34.597 [info] > git rev-parse --show-toplevel [2ms]
2024-11-27 11:40:34.597 [info] > git rev-parse --git-dir --git-common-dir [2ms]
2024-11-27 11:40:34.597 [info] Open repository: /mnt/code
2024-11-27 11:40:34.597 [info] > git config --get commit.template [6ms]
2024-11-27 11:40:34.597 [info] > git rev-parse --show-toplevel [13ms]
2024-11-27 11:40:34.597 [info] > git for-each-ref --format=%(refname)%00%(upstream:short)%00%(objectname)%00%(upstream:track)%00%(upstream:remotename)%00%(upstream:remoteref) refs/heads/main refs/remotes/main [4ms]
2024-11-27 11:40:34.597 [info] > git status -z -uall [7ms]
2024-11-27 11:40:34.597 [info] > git config --get commit.template [7ms]
2024-11-27 11:40:34.597 [info] > git for-each-ref --format=%(refname)%00%(upstream:short)%00%(objectname)%00%(upstream:track)%00%(upstream:remotename)%00%(upstream:remoteref) refs/heads/main refs/remotes/main [3ms]
2024-11-27 11:40:34.597 [info] > git status -z -uall [3ms]
2024-11-27 11:40:35.211 [info] > git merge-base refs/heads/main refs/remotes/origin/main [17ms]
2024-11-27 11:40:35.220 [info] > git rev-list --count --left-right refs/heads/main...refs/remotes/origin/main [3ms]
2024-11-27 11:40:35.995 [info] > git check-ignore -v -z --stdin [2ms]
2024-11-27 11:40:39.760 [info] > git for-each-ref --sort -committerdate --format %(refname) %(objectname) %(*objectname) [3ms]
2024-11-27 11:40:39.973 [info] > git config --get commit.template [6ms]
2024-11-27 11:40:39.976 [info] > git for-each-ref --format=%(refname)%00%(upstream:short)%00%(objectname)%00%(upstream:track)%00%(upstream:remotename)%00%(upstream:remoteref) refs/heads/main refs/remotes/main [4ms]
2024-11-27 11:40:39.985 [info] > git status -z -uall [3ms]
2024-11-27 11:40:40.809 [info] > git check-ignore -v -z --stdin [2ms]
2024-11-27 11:40:45.004 [info] > git config --get commit.template [6ms]
2024-11-27 11:40:45.005 [info] > git for-each-ref --format=%(refname)%00%(upstream:short)%00%(objectname)%00%(upstream:track)%00%(upstream:remotename)%00%(upstream:remoteref) refs/heads/main refs/remotes/main [2ms]
2024-11-27 11:40:45.014 [info] > git status -z -uall [3ms]
2024-11-27 11:40:50.032 [info] > git config --get commit.template [7ms]
2024-11-27 11:40:50.033 [info] > git for-each-ref --format=%(refname)%00%(upstream:short)%00%(objectname)%00%(upstream:track)%00%(upstream:remotename)%00%(upstream:remoteref) refs/heads/main refs/remotes/main [3ms]
2024-11-27 11:40:50.043 [info] > git status -z -uall [4ms]
2024-11-27 11:40:55.060 [info] > git config --get commit.template [7ms]
2024-11-27 11:40:55.062 [info] > git for-each-ref --format=%(refname)%00%(upstream:short)%00%(objectname)%00%(upstream:track)%00%(upstream:remotename)%00%(upstream:remoteref) refs/heads/main refs/remotes/main [3ms]
2024-11-27 11:40:55.071 [info] > git status -z -uall [3ms]
2024-11-27 11:41:00.090 [info] > git config --get commit.template [7ms]
2024-11-27 11:41:00.092 [info] > git for-each-ref --format=%(refname)%00%(upstream:short)%00%(objectname)%00%(upstream:track)%00%(upstream:remotename)%00%(upstream:remoteref) refs/heads/main refs/remotes/main [2ms]
2024-11-27 11:41:00.101 [info] > git status -z -uall [3ms]
2024-11-27 11:41:05.118 [info] > git config --get commit.template [7ms]
2024-11-27 11:41:05.120 [info] > git for-each-ref --format=%(refname)%00%(upstream:short)%00%(objectname)%00%(upstream:track)%00%(upstream:remotename)%00%(upstream:remoteref) refs/heads/main refs/remotes/main [2ms]
2024-11-27 11:41:05.129 [info] > git status -z -uall [3ms]
2024-11-27 11:41:10.146 [info] > git config --get commit.template [7ms]
2024-11-27 11:41:10.148 [info] > git for-each-ref --format=%(refname)%00%(upstream:short)%00%(objectname)%00%(upstream:track)%00%(upstream:remotename)%00%(upstream:remoteref) refs/heads/main refs/remotes/main [2ms]
2024-11-27 11:41:10.157 [info] > git status -z -uall [3ms]
2024-11-27 11:41:15.175 [info] > git config --get commit.template [7ms]
2024-11-27 11:41:15.177 [info] > git for-each-ref --format=%(refname)%00%(upstream:short)%00%(objectname)%00%(upstream:track)%00%(upstream:remotename)%00%(upstream:remoteref) refs/heads/main refs/remotes/main [3ms]
2024-11-27 11:41:15.187 [info] > git status -z -uall [4ms]
2024-11-27 11:41:20.204 [info] > git config --get commit.template [6ms]
2024-11-27 11:41:20.206 [info] > git for-each-ref --format=%(refname)%00%(upstream:short)%00%(objectname)%00%(upstream:track)%00%(upstream:remotename)%00%(upstream:remoteref) refs/heads/main refs/remotes/main [2ms]
2024-11-27 11:41:20.215 [info] > git status -z -uall [3ms]
2024-11-27 11:41:25.232 [info] > git config --get commit.template [7ms]
2024-11-27 11:41:25.233 [info] > git for-each-ref --format=%(refname)%00%(upstream:short)%00%(objectname)%00%(upstream:track)%00%(upstream:remotename)%00%(upstream:remoteref) refs/heads/main refs/remotes/main [1ms]
2024-11-27 11:41:25.242 [info] > git status -z -uall [3ms]
2024-11-27 11:41:30.257 [info] > git config --get commit.template [6ms]
2024-11-27 11:41:30.258 [info] > git for-each-ref --format=%(refname)%00%(upstream:short)%00%(objectname)%00%(upstream:track)%00%(upstream:remotename)%00%(upstream:remoteref) refs/heads/main refs/remotes/main [2ms]
2024-11-27 11:41:30.267 [info] > git status -z -uall [3ms]
2024-11-27 11:41:35.283 [info] > git config --get commit.template [6ms]
2024-11-27 11:41:35.285 [info] > git for-each-ref --format=%(refname)%00%(upstream:short)%00%(objectname)%00%(upstream:track)%00%(upstream:remotename)%00%(upstream:remoteref) refs/heads/main refs/remotes/main [3ms]
2024-11-27 11:41:35.293 [info] > git status -z -uall [3ms]
2024-11-27 11:41:46.196 [info] > git config --get commit.template [6ms]
2024-11-27 11:41:46.198 [info] > git for-each-ref --format=%(refname)%00%(upstream:short)%00%(objectname)%00%(upstream:track)%00%(upstream:remotename)%00%(upstream:remoteref) refs/heads/main refs/remotes/main [2ms]
2024-11-27 11:41:46.207 [info] > git status -z -uall [4ms]
2024-11-27 11:41:50.406 [info] > git add -A -- . [277ms]
2024-11-27 11:41:51.398 [info] > git show --textconv :.git/COMMIT_EDITMSG [6ms]
2024-11-27 11:41:51.399 [info] > git ls-files --stage -- /mnt/code/.git/COMMIT_EDITMSG [2ms]
2024-11-27 11:41:51.583 [info] > git check-ignore -v -z --stdin [2ms]
2024-11-27 11:41:51.989 [info] > git ls-files --stage -- /mnt/code/.git/COMMIT_EDITMSG [3ms]
2024-11-27 11:41:52.180 [info] > git show --textconv :.git/COMMIT_EDITMSG [3ms]
2024-11-27 11:44:08.243 [info] > git ls-files --stage -- /mnt/code/.git/COMMIT_EDITMSG [2ms]
2024-11-27 11:44:08.408 [info] > git show --textconv :.git/COMMIT_EDITMSG [2ms]
2024-11-27 11:44:19.990 [info] > git check-ignore -v -z --stdin [2ms]
2024-11-27 11:44:32.333 [info] > git check-ignore -v -z --stdin [2ms]
2024-11-27 11:45:18.951 [info] > git ls-files --stage -- /mnt/code/.git/COMMIT_EDITMSG [3ms]
2024-11-27 11:45:19.115 [info] > git show --textconv :.git/COMMIT_EDITMSG [2ms]
