2024-12-03 11:21:15.442 [info] Log level: Info
2024-12-03 11:21:15.442 [info] Validating found git in: "git"
2024-12-03 11:21:15.442 [info] Using git "2.25.1" from "git"
2024-12-03 11:21:15.442 [info] > git rev-parse --show-toplevel [4ms]
2024-12-03 11:21:15.442 [info] > git rev-parse --git-dir --git-common-dir [2ms]
2024-12-03 11:21:15.442 [info] Open repository: /mnt/code
2024-12-03 11:21:15.442 [info] > git config --get commit.template [6ms]
2024-12-03 11:21:15.442 [info] > git rev-parse --show-toplevel [8ms]
2024-12-03 11:21:15.442 [info] > git for-each-ref --format=%(refname)%00%(upstream:short)%00%(objectname)%00%(upstream:track)%00%(upstream:remotename)%00%(upstream:remoteref) refs/heads/main refs/remotes/main [4ms]
2024-12-03 11:21:15.442 [info] > git status -z -uall [41ms]
2024-12-03 11:21:15.442 [info] > git config --get commit.template [6ms]
2024-12-03 11:21:15.443 [info] > git for-each-ref --format=%(refname)%00%(upstream:short)%00%(objectname)%00%(upstream:track)%00%(upstream:remotename)%00%(upstream:remoteref) refs/heads/main refs/remotes/main [3ms]
2024-12-03 11:21:15.451 [info] > git status -z -uall [28ms]
2024-12-03 11:21:16.002 [info] > git check-ignore -v -z --stdin [3ms]
2024-12-03 11:21:33.895 [info] > git config --get commit.template [7ms]
2024-12-03 11:21:33.896 [info] > git for-each-ref --format=%(refname)%00%(upstream:short)%00%(objectname)%00%(upstream:track)%00%(upstream:remotename)%00%(upstream:remoteref) refs/heads/main refs/remotes/main [2ms]
2024-12-03 11:21:33.931 [info] > git status -z -uall [28ms]
2024-12-03 11:21:34.450 [info] > git merge-base refs/heads/main refs/remotes/origin/main [12ms]
2024-12-03 11:21:34.459 [info] > git rev-list --count --left-right refs/heads/main...refs/remotes/origin/main [3ms]
2024-12-03 11:21:35.148 [info] > git check-ignore -v -z --stdin [3ms]
2024-12-03 11:21:38.949 [info] > git config --get commit.template [7ms]
2024-12-03 11:21:38.950 [info] > git for-each-ref --format=%(refname)%00%(upstream:short)%00%(objectname)%00%(upstream:track)%00%(upstream:remotename)%00%(upstream:remoteref) refs/heads/main refs/remotes/main [3ms]
2024-12-03 11:21:38.983 [info] > git status -z -uall [27ms]
2024-12-03 11:21:44.001 [info] > git config --get commit.template [8ms]
2024-12-03 11:21:44.002 [info] > git for-each-ref --format=%(refname)%00%(upstream:short)%00%(objectname)%00%(upstream:track)%00%(upstream:remotename)%00%(upstream:remoteref) refs/heads/main refs/remotes/main [2ms]
2024-12-03 11:21:44.036 [info] > git status -z -uall [27ms]
2024-12-03 11:21:49.054 [info] > git config --get commit.template [7ms]
2024-12-03 11:21:49.055 [info] > git for-each-ref --format=%(refname)%00%(upstream:short)%00%(objectname)%00%(upstream:track)%00%(upstream:remotename)%00%(upstream:remoteref) refs/heads/main refs/remotes/main [2ms]
2024-12-03 11:21:49.089 [info] > git status -z -uall [28ms]
2024-12-03 11:21:54.106 [info] > git config --get commit.template [7ms]
2024-12-03 11:21:54.108 [info] > git for-each-ref --format=%(refname)%00%(upstream:short)%00%(objectname)%00%(upstream:track)%00%(upstream:remotename)%00%(upstream:remoteref) refs/heads/main refs/remotes/main [3ms]
2024-12-03 11:21:54.141 [info] > git status -z -uall [28ms]
